sagemaker.config INFO - Not applying SDK defaults from location: /etc/xdg/sagemaker/config.yaml
sagemaker.config INFO - Not applying SDK defaults from location: /home/sagemaker-user/.config/sagemaker/config.yaml
sagemaker.config INFO - Not applying SDK defaults from location: /etc/xdg/sagemaker/config.yaml
sagemaker.config INFO - Not applying SDK defaults from location: /home/sagemaker-user/.config/sagemaker/config.yaml
Created ECR repository sagemaker-studio-alphafold
.Created ECR repository sagemaker-studio-openfold
.....................
[Container] 2024/01/20 06:14:27.268559 Waiting for agent ping

[Container] 2024/01/20 06:14:29.475639 Waiting for DOWNLOAD_SOURCE
[Container] 2024/01/20 06:14:30.453488 Phase is DOWNLOAD_SOURCE
[Container] 2024/01/20 06:14:30.461447 CODEBUILD_SRC_DIR=/codebuild/output/src3668288580/src
[Container] 2024/01/20 06:14:30.461860 YAML location is /codebuild/output/src3668288580/src/buildspec.yml
[Container] 2024/01/20 06:14:30.463482 Setting HTTP client timeout to higher timeout for S3 source
[Container] 2024/01/20 06:14:30.463573 Processing environment variables
[Container] 2024/01/20 06:14:30.532878 No runtime version selected in buildspec.
[Container] 2024/01/20 06:14:30.551398 Moving to directory /codebuild/output/src3668288580/src
[Container] 2024/01/20 06:14:30.552853 Unable to initialize cache download: no paths specified to be cached
[Container] 2024/01/20 06:14:30.552910 Configuring ssm agent with target id: codebuild:ccb9515e-0244-42c6-b84d-60f2c7b6c62e
[Container] 2024/01/20 06:14:30.553142 Successfully updated ssm agent configuration
[Container] 2024/01/20 06:14:30.553345 Registering with agent
[Container] 2024/01/20 06:14:30.553358 Phases found in YAML: 3
[Container] 2024/01/20 06:14:30.553364  POST_BUILD: 3 commands
[Container] 2024/01/20 06:14:30.553369  PRE_BUILD: 9 commands
[Container] 2024/01/20 06:14:30.553378  BUILD: 4 commands
[Container] 2024/01/20 06:14:30.553545 Phase complete: DOWNLOAD_SOURCE State: SUCCEEDED
[Container] 2024/01/20 06:14:30.553559 Phase context status code:  Message:
[Container] 2024/01/20 06:14:30.612534 Entering phase INSTALL
[Container] 2024/01/20 06:14:30.617351 Phase complete: INSTALL State: SUCCEEDED
[Container] 2024/01/20 06:14:30.617365 Phase context status code:  Message:
[Container] 2024/01/20 06:14:30.645946 Entering phase PRE_BUILD
[Container] 2024/01/20 06:14:30.646348 Running command echo Logging in to Amazon ECR...
Logging in to Amazon ECR...

[Container] 2024/01/20 06:14:30.650507 Running command $(aws ecr get-login --no-include-email --region $AWS_DEFAULT_REGION)
WARNING! Using --password via the CLI is insecure. Use --password-stdin.
WARNING! Your password will be stored unencrypted in /root/.docker/config.json.
Configure a credential helper to remove this warning. See
https://docs.docker.com/engine/reference/commandline/login/#credentials-store

Login Succeeded

[Container] 2024/01/20 06:14:31.718408 Running command $(aws ecr get-login --no-include-email --region $AWS_DEFAULT_REGION --registry-ids 763104351884)
WARNING! Using --password via the CLI is insecure. Use --password-stdin.
WARNING! Your password will be stored unencrypted in /root/.docker/config.json.
Configure a credential helper to remove this warning. See
https://docs.docker.com/engine/reference/commandline/login/#credentials-store

Login Succeeded

[Container] 2024/01/20 06:14:32.293608 Running command $(aws ecr get-login --no-include-email --region $AWS_DEFAULT_REGION --registry-ids 217643126080)
WARNING! Using --password via the CLI is insecure. Use --password-stdin.
WARNING! Your password will be stored unencrypted in /root/.docker/config.json.
Configure a credential helper to remove this warning. See
https://docs.docker.com/engine/reference/commandline/login/#credentials-store

Login Succeeded

[Container] 2024/01/20 06:14:32.872895 Running command $(aws ecr get-login --no-include-email --region $AWS_DEFAULT_REGION --registry-ids 727897471807)
WARNING! Using --password via the CLI is insecure. Use --password-stdin.
WARNING! Your password will be stored unencrypted in /root/.docker/config.json.
Configure a credential helper to remove this warning. See
https://docs.docker.com/engine/reference/commandline/login/#credentials-store

Login Succeeded

[Container] 2024/01/20 06:14:33.451904 Running command $(aws ecr get-login --no-include-email --region $AWS_DEFAULT_REGION --registry-ids 626614931356)
WARNING! Using --password via the CLI is insecure. Use --password-stdin.
WARNING! Your password will be stored unencrypted in /root/.docker/config.json.
Configure a credential helper to remove this warning. See
https://docs.docker.com/engine/reference/commandline/login/#credentials-store

Login Succeeded

[Container] 2024/01/20 06:14:34.047981 Running command $(aws ecr get-login --no-include-email --region $AWS_DEFAULT_REGION --registry-ids 683313688378)
WARNING! Using --password via the CLI is insecure. Use --password-stdin.
WARNING! Your password will be stored unencrypted in /root/.docker/config.json.
Configure a credential helper to remove this warning. See
https://docs.docker.com/engine/reference/commandline/login/#credentials-store

Login Succeeded

[Container] 2024/01/20 06:14:34.622272 Running command $(aws ecr get-login --no-include-email --region $AWS_DEFAULT_REGION --registry-ids 520713654638)
WARNING! Using --password via the CLI is insecure. Use --password-stdin.
WARNING! Your password will be stored unencrypted in /root/.docker/config.json.
Configure a credential helper to remove this warning. See
https://docs.docker.com/engine/reference/commandline/login/#credentials-store

Login Succeeded

[Container] 2024/01/20 06:14:35.190935 Running command $(aws ecr get-login --no-include-email --region $AWS_DEFAULT_REGION --registry-ids 462105765813)
WARNING! Using --password via the CLI is insecure. Use --password-stdin.
WARNING! Your password will be stored unencrypted in /root/.docker/config.json.
Configure a credential helper to remove this warning. See
https://docs.docker.com/engine/reference/commandline/login/#credentials-store

Login Succeeded

[Container] 2024/01/20 06:14:35.768009 Phase complete: PRE_BUILD State: SUCCEEDED
[Container] 2024/01/20 06:14:35.768030 Phase context status code:  Message:
[Container] 2024/01/20 06:14:35.796133 Entering phase BUILD
[Container] 2024/01/20 06:14:35.796519 Running command echo Build started on `date`
Build started on Sat Jan 20 06:14:35 UTC 2024

[Container] 2024/01/20 06:14:35.802860 Running command echo Building the Docker image...
Building the Docker image...

[Container] 2024/01/20 06:14:35.806834 Running command docker build -t $IMAGE_REPO_NAME:$IMAGE_TAG . --file ./assets/03_protein-folding-and-design/docker/Dockerfile.alphafold
unable to prepare context: unable to evaluate symlinks in Dockerfile path: lstat /codebuild/output/src3668288580/src/assets: no such file or directory

[Container] 2024/01/20 06:14:35.822988 Command did not exit successfully docker build -t $IMAGE_REPO_NAME:$IMAGE_TAG . --file ./assets/03_protein-folding-and-design/docker/Dockerfile.alphafold exit status 1
[Container] 2024/01/20 06:14:35.825935 Phase complete: BUILD State: FAILED
[Container] 2024/01/20 06:14:35.825950 Phase context status code: COMMAND_EXECUTION_ERROR Message: Error while executing command: docker build -t $IMAGE_REPO_NAME:$IMAGE_TAG . --file ./assets/03_protein-folding-and-design/docker/Dockerfile.alphafold. Reason: exit status 1
[Container] 2024/01/20 06:14:35.856637 Entering phase POST_BUILD
[Container] 2024/01/20 06:14:35.857107 Running command echo Build completed on `date`
Build completed on Sat Jan 20 06:14:35 UTC 2024

[Container] 2024/01/20 06:14:35.861817 Running command echo Pushing the Docker image...
Pushing the Docker image...

[Container] 2024/01/20 06:14:35.866044 Running command docker push $AWS_ACCOUNT_ID.dkr.ecr.$AWS_DEFAULT_REGION.amazonaws.com/$IMAGE_REPO_NAME:$IMAGE_TAG
The push refers to repository [447927214657.dkr.ecr.us-east-1.amazonaws.com/sagemaker-studio-alphafold]
An image does not exist locally with the tag: 447927214657.dkr.ecr.us-east-1.amazonaws.com/sagemaker-studio-alphafold

[Container] 2024/01/20 06:14:35.884613 Command did not exit successfully docker push $AWS_ACCOUNT_ID.dkr.ecr.$AWS_DEFAULT_REGION.amazonaws.com/$IMAGE_REPO_NAME:$IMAGE_TAG exit status 1
[Container] 2024/01/20 06:14:35.887343 Phase complete: POST_BUILD State: FAILED
[Container] 2024/01/20 06:14:35.887365 Phase context status code: COMMAND_EXECUTION_ERROR Message: Error while executing command: docker push $AWS_ACCOUNT_ID.dkr.ecr.$AWS_DEFAULT_REGION.amazonaws.com/$IMAGE_REPO_NAME:$IMAGE_TAG. Reason: exit status 1
Image URI: 447927214657.dkr.ecr.us-east-1.amazonaws.com/sagemaker-studio-alphafold:v2.3.0

[Container] 2024/01/20 06:14:30.112807 Waiting for agent ping

[Container] 2024/01/20 06:14:30.314456 Waiting for DOWNLOAD_SOURCE
[Container] 2024/01/20 06:14:31.371156 Phase is DOWNLOAD_SOURCE
[Container] 2024/01/20 06:14:31.379353 CODEBUILD_SRC_DIR=/codebuild/output/src3308164472/src
[Container] 2024/01/20 06:14:31.379920 YAML location is /codebuild/output/src3308164472/src/buildspec.yml
[Container] 2024/01/20 06:14:31.381663 Setting HTTP client timeout to higher timeout for S3 source
[Container] 2024/01/20 06:14:31.381759 Processing environment variables
[Container] 2024/01/20 06:14:31.461119 No runtime version selected in buildspec.
[Container] 2024/01/20 06:14:31.501700 Moving to directory /codebuild/output/src3308164472/src
[Container] 2024/01/20 06:14:31.503152 Unable to initialize cache download: no paths specified to be cached
[Container] 2024/01/20 06:14:31.503232 Configuring ssm agent with target id: codebuild:3cf28eed-7b15-4c88-ad78-05eff26150d5
[Container] 2024/01/20 06:14:31.503508 Successfully updated ssm agent configuration
[Container] 2024/01/20 06:14:31.503767 Registering with agent
[Container] 2024/01/20 06:14:31.503780 Phases found in YAML: 3
[Container] 2024/01/20 06:14:31.503785  POST_BUILD: 3 commands
[Container] 2024/01/20 06:14:31.503790  PRE_BUILD: 9 commands
[Container] 2024/01/20 06:14:31.503793  BUILD: 4 commands
[Container] 2024/01/20 06:14:31.504015 Phase complete: DOWNLOAD_SOURCE State: SUCCEEDED
[Container] 2024/01/20 06:14:31.504028 Phase context status code:  Message:
[Container] 2024/01/20 06:14:31.584886 Entering phase INSTALL
[Container] 2024/01/20 06:14:31.586319 Phase complete: INSTALL State: SUCCEEDED
[Container] 2024/01/20 06:14:31.586333 Phase context status code:  Message:
[Container] 2024/01/20 06:14:31.618302 Entering phase PRE_BUILD
[Container] 2024/01/20 06:14:31.618760 Running command echo Logging in to Amazon ECR...
Logging in to Amazon ECR...

[Container] 2024/01/20 06:14:31.623342 Running command $(aws ecr get-login --no-include-email --region $AWS_DEFAULT_REGION)
WARNING! Using --password via the CLI is insecure. Use --password-stdin.
WARNING! Your password will be stored unencrypted in /root/.docker/config.json.
Configure a credential helper to remove this warning. See
https://docs.docker.com/engine/reference/commandline/login/#credentials-store

Login Succeeded

[Container] 2024/01/20 06:14:32.759957 Running command $(aws ecr get-login --no-include-email --region $AWS_DEFAULT_REGION --registry-ids 763104351884)
WARNING! Using --password via the CLI is insecure. Use --password-stdin.
WARNING! Your password will be stored unencrypted in /root/.docker/config.json.
Configure a credential helper to remove this warning. See
https://docs.docker.com/engine/reference/commandline/login/#credentials-store

Login Succeeded

[Container] 2024/01/20 06:14:33.354565 Running command $(aws ecr get-login --no-include-email --region $AWS_DEFAULT_REGION --registry-ids 217643126080)
WARNING! Using --password via the CLI is insecure. Use --password-stdin.
WARNING! Your password will be stored unencrypted in /root/.docker/config.json.
Configure a credential helper to remove this warning. See
https://docs.docker.com/engine/reference/commandline/login/#credentials-store

Login Succeeded

[Container] 2024/01/20 06:14:33.958107 Running command $(aws ecr get-login --no-include-email --region $AWS_DEFAULT_REGION --registry-ids 727897471807)
WARNING! Using --password via the CLI is insecure. Use --password-stdin.
WARNING! Your password will be stored unencrypted in /root/.docker/config.json.
Configure a credential helper to remove this warning. See
https://docs.docker.com/engine/reference/commandline/login/#credentials-store

Login Succeeded

[Container] 2024/01/20 06:14:34.558712 Running command $(aws ecr get-login --no-include-email --region $AWS_DEFAULT_REGION --registry-ids 626614931356)
WARNING! Using --password via the CLI is insecure. Use --password-stdin.
WARNING! Your password will be stored unencrypted in /root/.docker/config.json.
Configure a credential helper to remove this warning. See
https://docs.docker.com/engine/reference/commandline/login/#credentials-store

Login Succeeded

[Container] 2024/01/20 06:14:35.163220 Running command $(aws ecr get-login --no-include-email --region $AWS_DEFAULT_REGION --registry-ids 683313688378)
WARNING! Using --password via the CLI is insecure. Use --password-stdin.
WARNING! Your password will be stored unencrypted in /root/.docker/config.json.
Configure a credential helper to remove this warning. See
https://docs.docker.com/engine/reference/commandline/login/#credentials-store

Login Succeeded

[Container] 2024/01/20 06:14:35.762188 Running command $(aws ecr get-login --no-include-email --region $AWS_DEFAULT_REGION --registry-ids 520713654638)
WARNING! Using --password via the CLI is insecure. Use --password-stdin.
WARNING! Your password will be stored unencrypted in /root/.docker/config.json.
Configure a credential helper to remove this warning. See
https://docs.docker.com/engine/reference/commandline/login/#credentials-store

Login Succeeded

[Container] 2024/01/20 06:14:36.366530 Running command $(aws ecr get-login --no-include-email --region $AWS_DEFAULT_REGION --registry-ids 462105765813)
WARNING! Using --password via the CLI is insecure. Use --password-stdin.
WARNING! Your password will be stored unencrypted in /root/.docker/config.json.
Configure a credential helper to remove this warning. See
https://docs.docker.com/engine/reference/commandline/login/#credentials-store

Login Succeeded

[Container] 2024/01/20 06:14:36.961763 Phase complete: PRE_BUILD State: SUCCEEDED
[Container] 2024/01/20 06:14:36.961778 Phase context status code:  Message:
[Container] 2024/01/20 06:14:36.991197 Entering phase BUILD
[Container] 2024/01/20 06:14:36.991665 Running command echo Build started on `date`
Build started on Sat Jan 20 06:14:36 UTC 2024

[Container] 2024/01/20 06:14:36.998084 Running command echo Building the Docker image...
Building the Docker image...

[Container] 2024/01/20 06:14:37.002033 Running command docker build -t $IMAGE_REPO_NAME:$IMAGE_TAG . --file ./assets/03_protein-folding-and-design/docker/Dockerfile.openfold
unable to prepare context: unable to evaluate symlinks in Dockerfile path: lstat /codebuild/output/src3308164472/src/assets: no such file or directory

[Container] 2024/01/20 06:14:37.020448 Command did not exit successfully docker build -t $IMAGE_REPO_NAME:$IMAGE_TAG . --file ./assets/03_protein-folding-and-design/docker/Dockerfile.openfold exit status 1
[Container] 2024/01/20 06:14:37.023339 Phase complete: BUILD State: FAILED
[Container] 2024/01/20 06:14:37.023352 Phase context status code: COMMAND_EXECUTION_ERROR Message: Error while executing command: docker build -t $IMAGE_REPO_NAME:$IMAGE_TAG . --file ./assets/03_protein-folding-and-design/docker/Dockerfile.openfold. Reason: exit status 1
[Container] 2024/01/20 06:14:37.055721 Entering phase POST_BUILD
[Container] 2024/01/20 06:14:37.056187 Running command echo Build completed on `date`
Build completed on Sat Jan 20 06:14:37 UTC 2024

[Container] 2024/01/20 06:14:37.061125 Running command echo Pushing the Docker image...
Pushing the Docker image...

[Container] 2024/01/20 06:14:37.065001 Running command docker push $AWS_ACCOUNT_ID.dkr.ecr.$AWS_DEFAULT_REGION.amazonaws.com/$IMAGE_REPO_NAME:$IMAGE_TAG
The push refers to repository [447927214657.dkr.ecr.us-east-1.amazonaws.com/sagemaker-studio-openfold]
An image does not exist locally with the tag: 447927214657.dkr.ecr.us-east-1.amazonaws.com/sagemaker-studio-openfold

[Container] 2024/01/20 06:14:37.085739 Command did not exit successfully docker push $AWS_ACCOUNT_ID.dkr.ecr.$AWS_DEFAULT_REGION.amazonaws.com/$IMAGE_REPO_NAME:$IMAGE_TAG exit status 1
[Container] 2024/01/20 06:14:37.088695 Phase complete: POST_BUILD State: FAILED
[Container] 2024/01/20 06:14:37.088710 Phase context status code: COMMAND_EXECUTION_ERROR Message: Error while executing command: docker push $AWS_ACCOUNT_ID.dkr.ecr.$AWS_DEFAULT_REGION.amazonaws.com/$IMAGE_REPO_NAME:$IMAGE_TAG. Reason: exit status 1
Image URI: 447927214657.dkr.ecr.us-east-1.amazonaws.com/sagemaker-studio-openfold:v1.0.1
